<?xml version="1.0" encoding="UTF-8" ?>
<testsuite tests="14" failures="0" name="org.example.operators.StringOperatorsTest" time="0.008" errors="0" skipped="0">
  <properties>
    <property name="java.runtime.name" value="Java(TM) SE Runtime Environment"/>
    <property name="java.vm.version" value="17.0.4.1+1-LTS-2"/>
    <property name="sun.boot.library.path" value="C:\Program Files\Java\jdk-17.0.4.1\bin"/>
    <property name="maven.multiModuleProjectDirectory" value="D:\Codigos_VSCODE\Programas_didaticos_Java\question5"/>
    <property name="java.vm.vendor" value="Oracle Corporation"/>
    <property name="java.vendor.url" value="https://java.oracle.com/"/>
    <property name="guice.disable.misplaced.annotation.check" value="true"/>
    <property name="path.separator" value=";"/>
    <property name="java.vm.name" value="Java HotSpot(TM) 64-Bit Server VM"/>
    <property name="sun.os.patch.level" value=""/>
    <property name="user.script" value=""/>
    <property name="user.country" value="BR"/>
    <property name="sun.java.launcher" value="SUN_STANDARD"/>
    <property name="java.vm.specification.name" value="Java Virtual Machine Specification"/>
    <property name="user.dir" value="D:\Codigos_VSCODE\Programas_didaticos_Java\question5"/>
    <property name="java.vm.compressedOopsMode" value="Zero based"/>
    <property name="java.runtime.version" value="17.0.4.1+1-LTS-2"/>
    <property name="os.arch" value="amd64"/>
    <property name="java.io.tmpdir" value="C:\Users\nepor\AppData\Local\Temp\"/>
    <property name="line.separator" value="
"/>
    <property name="java.vm.specification.vendor" value="Oracle Corporation"/>
    <property name="user.variant" value=""/>
    <property name="os.name" value="Windows 11"/>
    <property name="classworlds.conf" value="C:\Program Files\Maven\bin\m2.conf"/>
    <property name="sun.jnu.encoding" value="Cp1252"/>
    <property name="java.library.path" value="C:\Program Files\Java\jdk-17.0.4.1\bin;C:\WINDOWS\Sun\Java\bin;C:\WINDOWS\system32;C:\WINDOWS;C:\Program Files\Common Files\Oracle\Java\javapath;C:\Program Files\Java\jdk-17.0.4.1\bin;C:\Program Files\Microsoft\jdk-11.0.12.7-hotspot\bin;C:\Program Files\Eclipse Foundation\jdk-8.0.302.8-hotspot\bin;C:\Windows\system32;C:\Windows;C:\Windows\System32\Wbem;C:\Windows\System32\WindowsPowerShell\v1.0\;C:\Windows\System32\OpenSSH\;C:\Program Files (x86)\NVIDIA Corporation\PhysX\Common;C:\Program Files\NVIDIA Corporation\NVIDIA NvDLISR;C:\WINDOWS\system32;C:\WINDOWS;C:\WINDOWS\System32\Wbem;C:\WINDOWS\System32\WindowsPowerShell\v1.0\;C:\WINDOWS\System32\OpenSSH\;C:\Program Files\Microsoft SQL Server\150\Tools\Binn\;C:\Program Files\Microsoft SQL Server\Client SDK\ODBC\170\Tools\Binn\;C:\Program Files\dotnet\;C:\Program Files\Java\jdk-11.0.7\bin;C:\Program Files\MATLAB\R2016a\runtime\win64;C:\Program Files\MATLAB\R2016a\bin;C:\Program Files\MATLAB\R2016a\polyspace\bin;C:\Program Files\Microsoft SQL Server\120\Tools\Binn\;C:\Program Files\Microsoft SQL Server\Client SDK\ODBC\110\Tools\Binn\;C:\Program Files (x86)\Microsoft SQL Server\120\Tools\Binn\;C:\Program Files\Microsoft SQL Server\120\DTS\Binn\;C:\Program Files (x86)\Microsoft SQL Server\120\Tools\Binn\ManagementStudio\;C:\Program Files (x86)\Microsoft SQL Server\120\DTS\Binn\;D:\Git\cmd;C:\Program Files\Microsoft SQL Server\130\Tools\Binn\;C:\Program Files (x86)\dotnet\;C:\Program Files\MiKTeX\miktex\bin\x64\;C:\Windows\System32\WindowsPowerShell\v1.0;C:\Windows\System32;C:\WINDOWS\system32;C:\WINDOWS;C:\WINDOWS\System32\Wbem;C:\WINDOWS\System32\WindowsPowerShell\v1.0\;C:\WINDOWS\System32\OpenSSH\;C:\Program Files\Maven\bin;C:\Program Files (x86)\kotlinc\bin;C:\Program Files\MongoDB\Server\4.2\bin;C:\Program Files\Go\bin;C:\Program Files\Docker\Docker\resources\bin;D:\node\;C:\Program Files\Vagrant\bin;D:\Kubernetes\kube;D:\Kubernetes\instalacao\Minikube;C:\Program Files\Amazon\AWSCLIV2\;C:\Program Files (x86)\Windows Kits\10\Windows Performance Toolkit\;D:\Dwimperl\perl\bin;D:\Dwimperl\perl\site\bin;D:\Dwimperl\c\bin;C:\Program Files\MySQL\MySQL Shell 8.0\bin\;C:\Users\nepor\AppData\Local\Programs\Python\Python310\Scripts\;C:\Users\nepor\AppData\Local\Programs\Python\Python310\;C:\Users\nepor\AppData\Local\Microsoft\WindowsApps;C:\Users\nepor\.dotnet\tools;C:\Users\nepor\AppData\Local\Programs\Microsoft VS Code\bin;C:\Users\nepor\AppData\Local\atom\bin;D:\Miktex\miktex\bin\x64\;C:\src\flutter\bin;C:\Users\nepor\.dotnet\tools;C:\Windows\System32\WindowsPowerShell\v1.0;C:\Windows\System32;C:\Users\nepor\AppData\Local\Microsoft\WindowsApps;C:\Program Files\MongoDB\Server\6.0\bin;C:\Users\nepor\go\bin;D:\heroku\bin;C:\Users\nepor\AppData\Roaming\npm;C:\cassandra\bin;D:\SslShiny\OpenSSL-Win64\bin;;."/>
    <property name="maven.conf" value="C:\Program Files\Maven/conf"/>
    <property name="jdk.debug" value="release"/>
    <property name="java.class.version" value="61.0"/>
    <property name="java.specification.name" value="Java Platform API Specification"/>
    <property name="sun.management.compiler" value="HotSpot 64-Bit Tiered Compilers"/>
    <property name="os.version" value="10.0"/>
    <property name="library.jansi.path" value="C:\Program Files\Maven\lib\jansi-native"/>
    <property name="user.home" value="C:\Users\nepor"/>
    <property name="user.timezone" value="America/Sao_Paulo"/>
    <property name="file.encoding" value="Cp1252"/>
    <property name="java.specification.version" value="17"/>
    <property name="user.name" value="nepor"/>
    <property name="java.class.path" value="C:\Program Files\Maven\boot\plexus-classworlds-2.6.0.jar"/>
    <property name="java.vm.specification.version" value="17"/>
    <property name="sun.arch.data.model" value="64"/>
    <property name="sun.java.command" value="org.codehaus.plexus.classworlds.launcher.Launcher clean test jacoco:report"/>
    <property name="java.home" value="C:\Program Files\Java\jdk-17.0.4.1"/>
    <property name="user.language" value="pt"/>
    <property name="java.specification.vendor" value="Oracle Corporation"/>
    <property name="java.vm.info" value="mixed mode, sharing"/>
    <property name="java.version" value="17.0.4.1"/>
    <property name="native.encoding" value="Cp1252"/>
    <property name="java.vendor" value="Oracle Corporation"/>
    <property name="sun.stderr.encoding" value="cp850"/>
    <property name="maven.home" value="C:\Program Files\Maven"/>
    <property name="file.separator" value="\"/>
    <property name="java.version.date" value="2022-08-18"/>
    <property name="java.vendor.url.bug" value="https://bugreport.java.com/bugreport/"/>
    <property name="sun.io.unicode.encoding" value="UnicodeLittle"/>
    <property name="sun.cpu.endian" value="little"/>
    <property name="sun.stdout.encoding" value="cp850"/>
    <property name="sun.cpu.isalist" value="amd64"/>
  </properties>
  <testcase classname="org.example.operators.StringOperatorsTest" name="itReturnsYesForANumberKGreaterThanSumofSandTAttendingToTheEvenDifferenceCondition" time="0.007"/>
  <testcase classname="org.example.operators.StringOperatorsTest" name="itThrowsConstraintExceptionForStringSLowerGreaterThan100" time="0"/>
  <testcase classname="org.example.operators.StringOperatorsTest" name="itReturnsYesForANumberKGreaterThanSumofSandTAttendingToTheEvenDifferenceConditionButKIsOdd" time="0"/>
  <testcase classname="org.example.operators.StringOperatorsTest" name="itThrowsExceptionForStringTWithoutTheAppropriateCharacters" time="0"/>
  <testcase classname="org.example.operators.StringOperatorsTest" name="itThrowsConstraintExceptionForStringSLowerThan1" time="0"/>
  <testcase classname="org.example.operators.StringOperatorsTest" name="itReturnsYesForKSmallerThanNumberOfOperationsButOdd" time="0.001"/>
  <testcase classname="org.example.operators.StringOperatorsTest" name="itReturnsYesForKGreaterThanNumberOfOperationsButOdd" time="0"/>
  <testcase classname="org.example.operators.StringOperatorsTest" name="itThrowsConstraintDueToKGreaterThan100" time="0"/>
  <testcase classname="org.example.operators.StringOperatorsTest" name="itReturnsYesForKSmallerThanNumberOfOperationsEven" time="0"/>
  <testcase classname="org.example.operators.StringOperatorsTest" name="itThrowsExceptionForStringSWithoutTheAppropriateCharacters" time="0"/>
  <testcase classname="org.example.operators.StringOperatorsTest" name="itThrowsConstraintDueToKZero" time="0"/>
  <testcase classname="org.example.operators.StringOperatorsTest" name="itReturnsYesForKEqualNumberOfOperations" time="0"/>
  <testcase classname="org.example.operators.StringOperatorsTest" name="itThrowsConstraintExceptionForStringTLowerThan1" time="0"/>
  <testcase classname="org.example.operators.StringOperatorsTest" name="itThrowsConstraintExceptionForStringTLowerGreaterThan100" time="0"/>
</testsuite>